<?xml version="1.0" encoding="UTF-8"?>
<testng-results ignored="0" total="4" passed="3" failed="1" skipped="0">
  <reporter-output>
  </reporter-output>
  <suite started-at="2026-02-23T14:39:23 IST" name="Suite" finished-at="2026-02-23T14:42:18 IST" duration-ms="174292">
    <groups>
    </groups>
    <test started-at="2026-02-23T14:39:23 IST" name="Test1" finished-at="2026-02-23T14:39:53 IST" duration-ms="30170">
      <class name="testCases.LoginTestCase">
        <test-method is-config="true" signature="setUp()[pri:0, instance:testCases.LoginTestCase@43bc63a3]" started-at="2026-02-23T14:39:23 IST" name="setUp" finished-at="2026-02-23T14:39:37 IST" duration-ms="13285" status="PASS">
          <reporter-output>
          </reporter-output>
        </test-method> <!-- setUp -->
        <test-method signature="loginTest()[pri:0, instance:testCases.LoginTestCase@43bc63a3]" started-at="2026-02-23T14:39:37 IST" name="loginTest" finished-at="2026-02-23T14:39:52 IST" duration-ms="15773" status="PASS">
          <reporter-output>
          </reporter-output>
        </test-method> <!-- loginTest -->
        <test-method is-config="true" signature="teardown()[pri:0, instance:testCases.LoginTestCase@43bc63a3]" started-at="2026-02-23T14:39:52 IST" name="teardown" finished-at="2026-02-23T14:39:53 IST" duration-ms="1021" status="PASS">
          <reporter-output>
          </reporter-output>
        </test-method> <!-- teardown -->
      </class> <!-- testCases.LoginTestCase -->
    </test> <!-- Test1 -->
    <test started-at="2026-02-23T14:39:54 IST" name="Test2" finished-at="2026-02-23T14:40:14 IST" duration-ms="20619">
      <class name="testCases.ParameterTestToOpenBrowser">
        <test-method signature="setUp(java.lang.String)[pri:0, instance:testCases.ParameterTestToOpenBrowser@1ce24091]" started-at="2026-02-23T14:39:54 IST" name="setUp" finished-at="2026-02-23T14:40:14 IST" duration-ms="20609" status="PASS">
          <params>
            <param index="0">
              <value>
                <![CDATA[edge]]>
              </value>
            </param>
          </params>
          <reporter-output>
          </reporter-output>
        </test-method> <!-- setUp -->
      </class> <!-- testCases.ParameterTestToOpenBrowser -->
    </test> <!-- Test2 -->
    <test started-at="2026-02-23T14:40:14 IST" name="Test3" finished-at="2026-02-23T14:41:07 IST" duration-ms="52809">
      <class name="testCases.SearchTestCase">
        <test-method is-config="true" signature="setUp()[pri:0, instance:testCases.SearchTestCase@24269709]" started-at="2026-02-23T14:40:14 IST" name="setUp" finished-at="2026-02-23T14:40:39 IST" duration-ms="24583" status="PASS">
          <reporter-output>
          </reporter-output>
        </test-method> <!-- setUp -->
        <test-method signature="loginTest()[pri:0, instance:testCases.SearchTestCase@24269709]" started-at="2026-02-23T14:40:39 IST" name="loginTest" finished-at="2026-02-23T14:41:06 IST" duration-ms="27342" status="PASS">
          <reporter-output>
          </reporter-output>
        </test-method> <!-- loginTest -->
        <test-method is-config="true" signature="teardown()[pri:0, instance:testCases.SearchTestCase@24269709]" started-at="2026-02-23T14:41:06 IST" name="teardown" finished-at="2026-02-23T14:41:07 IST" duration-ms="876" status="PASS">
          <reporter-output>
          </reporter-output>
        </test-method> <!-- teardown -->
      </class> <!-- testCases.SearchTestCase -->
    </test> <!-- Test3 -->
    <test started-at="2026-02-23T14:41:07 IST" name="Test4" finished-at="2026-02-23T14:42:18 IST" duration-ms="70489">
      <class name="testCases.GoogleTestCase">
        <test-method is-config="true" signature="setUp()[pri:0, instance:testCases.GoogleTestCase@752325ad]" started-at="2026-02-23T14:41:07 IST" name="setUp" finished-at="2026-02-23T14:41:57 IST" duration-ms="49546" status="PASS">
          <reporter-output>
          </reporter-output>
        </test-method> <!-- setUp -->
        <test-method signature="loginTest()[pri:0, instance:testCases.GoogleTestCase@752325ad]" started-at="2026-02-23T14:41:57 IST" name="loginTest" finished-at="2026-02-23T14:42:17 IST" duration-ms="20136" status="FAIL">
          <exception class="org.openqa.selenium.NoSuchElementException">
            <message>
              <![CDATA[no such element: Unable to locate element: {"method":"xpath","selector":"//title[normalize-space()='Google']"}
  (Session info: chrome=145.0.7632.76)
For documentation on this error, please visit: https://www.selenium.dev/documentation/webdriver/troubleshooting/errors#nosuchelementexception
Build info: version: '4.41.0', revision: '9fc754f'
System info: os.name: 'Windows 11', os.arch: 'amd64', os.version: '10.0', java.version: '21'
Driver info: org.openqa.selenium.chrome.ChromeDriver
Command: [c5068a23716d49cb1350ab2db591fd07, findElement {value=//title[normalize-space()='Google'], using=xpath}]
Capabilities {acceptInsecureCerts: false, browserName: chrome, browserVersion: 145.0.7632.76, chrome: {chromedriverVersion: 145.0.7632.77 (da516187054a..., userDataDir: C:\Users\B781D~1.VEN\AppDat...}, fedcm:accounts: true, goog:chromeOptions: {debuggerAddress: localhost:56711}, goog:processID: 8744, networkConnectionEnabled: false, pageLoadStrategy: normal, platformName: windows, proxy: Proxy(), se:cdp: ws://localhost:56711/devtoo..., se:cdpVersion: 145.0.7632.76, setWindowRect: true, strictFileInteractability: false, timeouts: {implicit: 0, pageLoad: 300000, script: 30000}, unhandledPromptBehavior: dismiss and notify, webauthn:extension:credBlob: true, webauthn:extension:largeBlob: true, webauthn:extension:minPinLength: true, webauthn:extension:prf: true, webauthn:virtualAuthenticators: true}
Session ID: c5068a23716d49cb1350ab2db591fd07]]>
            </message>
            <full-stacktrace>
              <![CDATA[org.openqa.selenium.NoSuchElementException: no such element: Unable to locate element: {"method":"xpath","selector":"//title[normalize-space()='Google']"}
  (Session info: chrome=145.0.7632.76)
For documentation on this error, please visit: https://www.selenium.dev/documentation/webdriver/troubleshooting/errors#nosuchelementexception
Build info: version: '4.41.0', revision: '9fc754f'
System info: os.name: 'Windows 11', os.arch: 'amd64', os.version: '10.0', java.version: '21'
Driver info: org.openqa.selenium.chrome.ChromeDriver
Command: [c5068a23716d49cb1350ab2db591fd07, findElement {value=//title[normalize-space()='Google'], using=xpath}]
Capabilities {acceptInsecureCerts: false, browserName: chrome, browserVersion: 145.0.7632.76, chrome: {chromedriverVersion: 145.0.7632.77 (da516187054a..., userDataDir: C:\Users\B781D~1.VEN\AppDat...}, fedcm:accounts: true, goog:chromeOptions: {debuggerAddress: localhost:56711}, goog:processID: 8744, networkConnectionEnabled: false, pageLoadStrategy: normal, platformName: windows, proxy: Proxy(), se:cdp: ws://localhost:56711/devtoo..., se:cdpVersion: 145.0.7632.76, setWindowRect: true, strictFileInteractability: false, timeouts: {implicit: 0, pageLoad: 300000, script: 30000}, unhandledPromptBehavior: dismiss and notify, webauthn:extension:credBlob: true, webauthn:extension:largeBlob: true, webauthn:extension:minPinLength: true, webauthn:extension:prf: true, webauthn:virtualAuthenticators: true}
Session ID: c5068a23716d49cb1350ab2db591fd07
at org.openqa.selenium.remote.ErrorCodec.decode(ErrorCodec.java:169)
at org.openqa.selenium.remote.codec.w3c.W3CHttpResponseCodec.decode(W3CHttpResponseCodec.java:142)
at org.openqa.selenium.remote.codec.w3c.W3CHttpResponseCodec.decode(W3CHttpResponseCodec.java:49)
at org.openqa.selenium.remote.HttpCommandExecutor.execute(HttpCommandExecutor.java:223)
at org.openqa.selenium.remote.service.DriverCommandExecutor.invokeExecute(DriverCommandExecutor.java:216)
at org.openqa.selenium.remote.service.DriverCommandExecutor.execute(DriverCommandExecutor.java:174)
at org.openqa.selenium.remote.RemoteWebDriver.execute(RemoteWebDriver.java:604)
at org.openqa.selenium.remote.ElementLocation$ElementFinder$2.findElement(ElementLocation.java:166)
at org.openqa.selenium.remote.ElementLocation.findElement(ElementLocation.java:60)
at org.openqa.selenium.remote.RemoteWebDriver.findElement(RemoteWebDriver.java:427)
at org.openqa.selenium.remote.RemoteWebDriver.findElement(RemoteWebDriver.java:421)
at PageObjects.GooglePageObject.getTitle(GooglePageObject.java:21)
at testCases.GoogleTestCase.loginTest(GoogleTestCase.java:35)
at java.base/jdk.internal.reflect.DirectMethodHandleAccessor.invoke(DirectMethodHandleAccessor.java:103)
at java.base/java.lang.reflect.Method.invoke(Method.java:580)
at org.testng.internal.invokers.MethodInvocationHelper.invokeMethod(MethodInvocationHelper.java:141)
at org.testng.internal.invokers.TestInvoker.invokeMethod(TestInvoker.java:687)
at org.testng.internal.invokers.TestInvoker.invokeTestMethod(TestInvoker.java:230)
at org.testng.internal.invokers.MethodRunner.runInSequence(MethodRunner.java:63)
at org.testng.internal.invokers.TestInvoker$MethodInvocationAgent.invoke(TestInvoker.java:995)
at org.testng.internal.invokers.TestInvoker.invokeTestMethods(TestInvoker.java:203)
at org.testng.internal.invokers.TestMethodWorker.invokeTestMethods(TestMethodWorker.java:154)
at org.testng.internal.invokers.TestMethodWorker.run(TestMethodWorker.java:134)
at java.base/java.util.ArrayList.forEach(ArrayList.java:1596)
at org.testng.TestRunner.privateRun(TestRunner.java:741)
at org.testng.TestRunner.run(TestRunner.java:616)
at org.testng.SuiteRunner.runTest(SuiteRunner.java:421)
at org.testng.SuiteRunner.runSequentially(SuiteRunner.java:413)
at org.testng.SuiteRunner.privateRun(SuiteRunner.java:373)
at org.testng.SuiteRunner.run(SuiteRunner.java:312)
at org.testng.SuiteRunnerWorker.runSuite(SuiteRunnerWorker.java:52)
at org.testng.SuiteRunnerWorker.run(SuiteRunnerWorker.java:95)
at org.testng.TestNG.runSuitesSequentially(TestNG.java:1274)
at org.testng.TestNG.runSuitesLocally(TestNG.java:1208)
at org.testng.TestNG.runSuites(TestNG.java:1112)
at org.testng.TestNG.run(TestNG.java:1079)
at org.testng.remote.AbstractRemoteTestNG.run(AbstractRemoteTestNG.java:115)
at org.testng.remote.RemoteTestNG.initAndRun(RemoteTestNG.java:293)
at org.testng.remote.RemoteTestNG.main(RemoteTestNG.java:91)
]]>
            </full-stacktrace>
          </exception> <!-- org.openqa.selenium.NoSuchElementException -->
          <reporter-output>
          </reporter-output>
        </test-method> <!-- loginTest -->
        <test-method is-config="true" signature="teardown()[pri:0, instance:testCases.GoogleTestCase@752325ad]" started-at="2026-02-23T14:42:17 IST" name="teardown" finished-at="2026-02-23T14:42:18 IST" duration-ms="787" status="PASS">
          <reporter-output>
          </reporter-output>
        </test-method> <!-- teardown -->
      </class> <!-- testCases.GoogleTestCase -->
    </test> <!-- Test4 -->
  </suite> <!-- Suite -->
</testng-results>
