<?xml version="1.0" encoding="UTF-8"?>
<!-- Generated by org.testng.reporters.JUnitXMLReporter -->
<testsuite ignored="0" hostname="LAPTOP-I4KUI1K1" failures="1" tests="3" name="testListener" time="19.383" errors="0" timestamp="2026-02-13T14:21:25 IST">
  <testcase classname="testngPractice.ListenerTest1Demo" name="testlogoDisplay" time="1.096"/>
  <testcase classname="testngPractice.ListenerTest1Demo" name="testLogin" time="2.204">
    <failure type="java.lang.AssertionError" message="expected [https://opensource-demo.orangehrmlive.com/web/index.php/dashboard/index] but found [https://opensource-demo.orangehrmlive.com/web/index.php/auth/login]">
      <![CDATA[java.lang.AssertionError: expected [https://opensource-demo.orangehrmlive.com/web/index.php/dashboard/index] but found [https://opensource-demo.orangehrmlive.com/web/index.php/auth/login]
at testngPractice.ListenerTest1Demo.testLogin(ListenerTest1Demo.java:37)
at java.base/java.util.ArrayList.forEach(ArrayList.java:1597)
... Removed 31 stack frames]]>
    </failure>
  </testcase> <!-- testLogin -->
  <testcase classname="testngPractice.ListenerTest1Demo" name="testLogo" time="0.0">
    <skipped/>
  </testcase> <!-- testLogo -->
</testsuite> <!-- testListener -->
