<?xml version="1.0" encoding="UTF-8"?>
<!-- Generated by org.testng.reporters.JUnitXMLReporter -->
<testsuite ignored="0" hostname="LAPTOP-I4KUI1K1" failures="0" tests="8" name="testing" time="0.084" errors="0" timestamp="2026-02-12T15:37:00 IST">
  <testcase classname="testngPractice.Group1demo" name="signUpByEmail" time="0.009"/>
  <testcase classname="testngPractice.Group1demo" name="signUpByGoogle" time="0.002"/>
  <testcase classname="testngPractice.Group1demo" name="signUpByMicrosoft" time="0.001"/>
  <testcase classname="testngPractice.Group2Demo" name="loginByEmail" time="0.001"/>
  <testcase classname="testngPractice.Group2Demo" name="loginByGoogle" time="0.001"/>
  <testcase classname="testngPractice.Group2Demo" name="loginByMicrosoft" time="0.001"/>
  <testcase classname="testngPractice.Group3Demo" name="payInCash" time="0.002"/>
  <testcase classname="testngPractice.Group3Demo" name="payInPhonePay" time="0.001"/>
</testsuite> <!-- testing -->
