<?xml version="1.0" encoding="UTF-8"?>
<!-- Generated by org.testng.reporters.JUnitReportReporter -->
<testsuite hostname="LAPTOP-I4KUI1K1" failures="0" tests="4" name="testCases.TC001_LoginTestCaseUsingDataDrivenApproach" time="27.205" errors="0" timestamp="2026-03-17T13:02:27 IST" skipped="0">
  <testcase classname="testCases.TC001_LoginTestCaseUsingDataDrivenApproach" name="verifyLoginPage" time="14.088"/>
  <testcase classname="testCases.TC001_LoginTestCaseUsingDataDrivenApproach" name="verifyLoginPage" time="4.500"/>
  <testcase classname="testCases.TC001_LoginTestCaseUsingDataDrivenApproach" name="verifyLoginPage" time="4.322"/>
  <testcase classname="testCases.TC001_LoginTestCaseUsingDataDrivenApproach" name="verifyLoginPage" time="4.295"/>
</testsuite> <!-- testCases.TC001_LoginTestCaseUsingDataDrivenApproach -->
