<?xml version="1.0" encoding="UTF-8"?>
<!-- Generated by org.testng.reporters.JUnitReportReporter -->
<testsuite hostname="LAPTOP-I4KUI1K1" failures="0" tests="2" name="testCases.TC003_TestNgAnnotationsDemo" time="11.385" errors="0" timestamp="2026-03-17T22:01:01 IST" skipped="0">
  <testcase classname="testCases.TC003_TestNgAnnotationsDemo" name="verifyTitle" time="5.136"/>
  <testcase classname="testCases.TC003_TestNgAnnotationsDemo" name="verifySearchBox" time="6.249"/>
</testsuite> <!-- testCases.TC003_TestNgAnnotationsDemo -->
