<?xml version="1.0" encoding="UTF-8"?>
<testng-results ignored="0" total="2" passed="2" failed="0" skipped="0">
  <reporter-output>
  </reporter-output>
  <suite started-at="2026-03-17T22:00:49 IST" name="Default suite" finished-at="2026-03-17T22:01:00 IST" duration-ms="11519">
    <groups>
    </groups>
    <test started-at="2026-03-17T22:00:49 IST" name="Default test" finished-at="2026-03-17T22:01:00 IST" duration-ms="11519">
      <class name="testCases.TC003_TestNgAnnotationsDemo">
        <test-method is-config="true" signature="setUp()[pri:0, instance:testCases.TC003_TestNgAnnotationsDemo@7354b8c5]" started-at="2026-03-17T22:00:49 IST" name="setUp" finished-at="2026-03-17T22:00:49 IST" duration-ms="20" status="PASS">
          <reporter-output>
          </reporter-output>
        </test-method> <!-- setUp -->
        <test-method is-config="true" signature="launchBrowser()[pri:0, instance:testCases.TC003_TestNgAnnotationsDemo@7354b8c5]" started-at="2026-03-17T22:00:49 IST" name="launchBrowser" finished-at="2026-03-17T22:00:55 IST" duration-ms="5682" status="PASS">
          <reporter-output>
          </reporter-output>
        </test-method> <!-- launchBrowser -->
        <test-method signature="verifyTitle()[pri:1, instance:testCases.TC003_TestNgAnnotationsDemo@7354b8c5]" started-at="2026-03-17T22:00:55 IST" name="verifyTitle" finished-at="2026-03-17T22:00:55 IST" duration-ms="63" status="PASS">
          <reporter-output>
          </reporter-output>
        </test-method> <!-- verifyTitle -->
        <test-method is-config="true" signature="closeBrowser()[pri:0, instance:testCases.TC003_TestNgAnnotationsDemo@7354b8c5]" started-at="2026-03-17T22:00:55 IST" name="closeBrowser" finished-at="2026-03-17T22:00:55 IST" duration-ms="481" status="PASS">
          <reporter-output>
          </reporter-output>
        </test-method> <!-- closeBrowser -->
        <test-method is-config="true" signature="launchBrowser()[pri:0, instance:testCases.TC003_TestNgAnnotationsDemo@7354b8c5]" started-at="2026-03-17T22:00:55 IST" name="launchBrowser" finished-at="2026-03-17T22:01:00 IST" duration-ms="4592" status="PASS">
          <reporter-output>
          </reporter-output>
        </test-method> <!-- launchBrowser -->
        <test-method signature="verifySearchBox()[pri:2, instance:testCases.TC003_TestNgAnnotationsDemo@7354b8c5]" started-at="2026-03-17T22:01:00 IST" name="verifySearchBox" finished-at="2026-03-17T22:01:00 IST" duration-ms="90" status="PASS">
          <reporter-output>
          </reporter-output>
        </test-method> <!-- verifySearchBox -->
        <test-method is-config="true" signature="closeBrowser()[pri:0, instance:testCases.TC003_TestNgAnnotationsDemo@7354b8c5]" started-at="2026-03-17T22:01:00 IST" name="closeBrowser" finished-at="2026-03-17T22:01:00 IST" duration-ms="477" status="PASS">
          <reporter-output>
          </reporter-output>
        </test-method> <!-- closeBrowser -->
        <test-method is-config="true" signature="tearDown()[pri:0, instance:testCases.TC003_TestNgAnnotationsDemo@7354b8c5]" started-at="2026-03-17T22:01:00 IST" name="tearDown" finished-at="2026-03-17T22:01:00 IST" duration-ms="1" status="PASS">
          <reporter-output>
          </reporter-output>
        </test-method> <!-- tearDown -->
      </class> <!-- testCases.TC003_TestNgAnnotationsDemo -->
    </test> <!-- Default test -->
  </suite> <!-- Default suite -->
</testng-results>
