<?xml version="1.0" encoding="UTF-8"?>
<testsuite xmlns:xsi="http://www.w3.org/2001/XMLSchema-instance" xsi:noNamespaceSchemaLocation="https://maven.apache.org/surefire/maven-surefire-plugin/xsd/surefire-test-report.xsd" version="3.0.2" name="testRunner.OrangeTestRun" time="42.094" tests="1" errors="0" skipped="0" failures="0">
  <properties>
[...]
</properties>
  <testcase name="successfully login in the orange demo website" classname="Login in orange website" time="40.495">
    <system-out><![CDATA[
@sanity
Scenario: successfully login in the orange demo website                                                # ./Features/OrangeLogin.feature:3
  ✔ Given User Launch Chrome Browser                                                                   # stepDefinitions.OrangeSteps.user_launch_chrome_browser()
  ✔ When User Open Url of "https://opensource-demo.orangehrmlive.com/web/index.php/auth/login" website # stepDefinitions.OrangeSteps.user_open_url_of_website(java.lang.String)
  ✔ And User Enter the UserName "Admin" and Password "admin123"                                        # stepDefinitions.OrangeSteps.user_enter_the_user_name_and_password(java.lang.String,java.lang.String)
  ✔ And Click on Login button                                                                          # stepDefinitions.OrangeSteps.click_on_login_button()
login successfully
  ✔ Then Redirect to the Dashbaord Page                                                                # stepDefinitions.OrangeSteps.redirect_to_the_dashbaord_page()
  ✔ When Click on the Profile                                                                          # stepDefinitions.OrangeSteps.click_on_the_profile()
  ✔ And then list of the item with some options are visible and click on logout button                 # stepDefinitions.OrangeSteps.then_list_of_the_item_with_some_options_are_visible_and_click_on_logout_button()
logout done
  ✔ Then Logout success                                                                                # stepDefinitions.OrangeSteps.logout_success()
  ✔ And close the browser                                                                              # stepDefinitions.OrangeSteps.close_the_browser()
]]></system-out>
    <system-err><![CDATA[Feb 21, 2026 4:43:38 PM org.openqa.selenium.devtools.CdpVersionFinder findNearestMatch
WARNING: Unable to find an exact match for CDP version 145, returning the closest version; found: 144; Please update to a Selenium version that supports CDP version 145
]]></system-err>
  </testcase>
</testsuite>