<?xml version="1.0" encoding="UTF-8"?>
<!-- Generated by org.testng.reporters.JUnitXMLReporter -->
<testsuite ignored="0" hostname="LAPTOP-I4KUI1K1" failures="0" tests="3" name="Default test" time="9.533" errors="0" timestamp="2026-02-15T14:26:47 IST">
  <testcase classname="testngPractice.LoginTestPractice" name="openWeb" time="6.534"/>
  <testcase classname="testngPractice.LoginTestPractice" name="login" time="2.407"/>
  <testcase classname="testngPractice.LoginTestPractice" name="closeWeb" time="0.485"/>
</testsuite> <!-- Default test -->
