<?xml version="1.0" encoding="UTF-8"?>
<testng-results ignored="0" total="2" passed="2" failed="0" skipped="0">
  <reporter-output>
  </reporter-output>
  <suite started-at="2026-02-17T10:24:46 IST" name="Master Suite" finished-at="2026-02-17T10:25:13 IST" duration-ms="27560">
    <groups>
      <group name="Master">
        <method signature="TC001_AccountRegistration.verify_account_registration()[pri:0, instance:testCases.TC001_AccountRegistration@126945f9]" name="verify_account_registration" class="testCases.TC001_AccountRegistration"/>
        <method signature="TC001_LoginTest.verify_login()[pri:0, instance:testCases.TC001_LoginTest@6986bbaf]" name="verify_login" class="testCases.TC001_LoginTest"/>
      </group> <!-- Master -->
      <group name="Sanity">
        <method signature="TC001_LoginTest.verify_login()[pri:0, instance:testCases.TC001_LoginTest@6986bbaf]" name="verify_login" class="testCases.TC001_LoginTest"/>
      </group> <!-- Sanity -->
      <group name="Regression">
        <method signature="TC001_AccountRegistration.verify_account_registration()[pri:0, instance:testCases.TC001_AccountRegistration@126945f9]" name="verify_account_registration" class="testCases.TC001_AccountRegistration"/>
      </group> <!-- Regression -->
    </groups>
    <test started-at="2026-02-17T10:24:46 IST" name="Test" finished-at="2026-02-17T10:25:13 IST" duration-ms="27560">
      <class name="testCases.TC001_LoginTest">
        <test-method is-config="true" signature="setup(java.lang.String,java.lang.String)[pri:0, instance:testCases.TC001_LoginTest@6986bbaf]" started-at="2026-02-17T10:25:02 IST" name="setup" finished-at="2026-02-17T10:25:09 IST" duration-ms="7075" status="PASS">
          <params>
            <param index="0">
              <value>
                <![CDATA[Windows]]>
              </value>
            </param>
            <param index="1">
              <value>
                <![CDATA[chrome]]>
              </value>
            </param>
          </params>
          <reporter-output>
          </reporter-output>
        </test-method> <!-- setup -->
        <test-method signature="verify_login()[pri:0, instance:testCases.TC001_LoginTest@6986bbaf]" started-at="2026-02-17T10:25:09 IST" name="verify_login" finished-at="2026-02-17T10:25:13 IST" duration-ms="3918" status="PASS">
          <reporter-output>
          </reporter-output>
        </test-method> <!-- verify_login -->
        <test-method is-config="true" signature="teardown()[pri:0, instance:testCases.TC001_LoginTest@6986bbaf]" started-at="2026-02-17T10:25:13 IST" name="teardown" finished-at="2026-02-17T10:25:13 IST" duration-ms="481" status="PASS">
          <reporter-output>
          </reporter-output>
        </test-method> <!-- teardown -->
      </class> <!-- testCases.TC001_LoginTest -->
      <class name="testCases.TC001_AccountRegistration">
        <test-method is-config="true" signature="setup(java.lang.String,java.lang.String)[pri:0, instance:testCases.TC001_AccountRegistration@126945f9]" started-at="2026-02-17T10:24:46 IST" name="setup" finished-at="2026-02-17T10:24:55 IST" duration-ms="8226" status="PASS">
          <params>
            <param index="0">
              <value>
                <![CDATA[Windows]]>
              </value>
            </param>
            <param index="1">
              <value>
                <![CDATA[chrome]]>
              </value>
            </param>
          </params>
          <reporter-output>
          </reporter-output>
        </test-method> <!-- setup -->
        <test-method signature="verify_account_registration()[pri:0, instance:testCases.TC001_AccountRegistration@126945f9]" started-at="2026-02-17T10:24:55 IST" name="verify_account_registration" finished-at="2026-02-17T10:25:01 IST" duration-ms="6228" status="PASS">
          <reporter-output>
          </reporter-output>
        </test-method> <!-- verify_account_registration -->
        <test-method is-config="true" signature="teardown()[pri:0, instance:testCases.TC001_AccountRegistration@126945f9]" started-at="2026-02-17T10:25:01 IST" name="teardown" finished-at="2026-02-17T10:25:02 IST" duration-ms="608" status="PASS">
          <reporter-output>
          </reporter-output>
        </test-method> <!-- teardown -->
      </class> <!-- testCases.TC001_AccountRegistration -->
    </test> <!-- Test -->
  </suite> <!-- Master Suite -->
</testng-results>
