<?xml version="1.0" encoding="UTF-8"?>
<!-- Generated by org.testng.reporters.JUnitReportReporter -->
<testsuite hostname="LAPTOP-I4KUI1K1" failures="0" tests="2" name="testngPractice.AnnotationdemoMethodPractice" time="0.039" errors="0" timestamp="2026-02-12T11:56:01 IST" skipped="0">
  <testcase classname="testngPractice.AnnotationdemoMethodPractice" name="search" time="0.017"/>
  <testcase classname="testngPractice.AnnotationdemoMethodPractice" name="advSearch" time="0.022"/>
</testsuite> <!-- testngPractice.AnnotationdemoMethodPractice -->
