<?xml version="1.0" encoding="UTF-8"?>
<!-- Generated by org.testng.reporters.JUnitReportReporter -->
<testsuite hostname="LAPTOP-I4KUI1K1" failures="0" tests="2" name="testngPractice.AnnotationdemoTest1Practice" time="0.018" errors="0" timestamp="2026-02-12T12:46:10 IST" skipped="0">
  <testcase classname="testngPractice.AnnotationdemoTest1Practice" name="search" time="0.015"/>
  <testcase classname="testngPractice.AnnotationdemoTest1Practice" name="search" time="0.003"/>
</testsuite> <!-- testngPractice.AnnotationdemoTest1Practice -->
