<?xml version="1.0" encoding="UTF-8"?>
<!-- Generated by org.testng.reporters.JUnitReportReporter -->
<testsuite hostname="LAPTOP-I4KUI1K1" failures="0" tests="2" name="testngPractice.ParameterByXmlandParallelExcuDemo" time="4.518" errors="0" timestamp="2026-02-12T23:00:57 IST" skipped="0">
  <testcase classname="testngPractice.ParameterByXmlandParallelExcuDemo" name="testLogin" time="3.593"/>
  <testcase classname="testngPractice.ParameterByXmlandParallelExcuDemo" name="testLogo" time="0.925"/>
</testsuite> <!-- testngPractice.ParameterByXmlandParallelExcuDemo -->
