<?xml version="1.0" encoding="UTF-8"?>
<!-- Generated by org.testng.reporters.JUnitReportReporter -->
<testsuite hostname="LAPTOP-I4KUI1K1" failures="0" tests="3" name="testngPractice.Group1demo" time="0.012" errors="0" timestamp="2026-02-12T15:37:00 IST" skipped="0">
  <testcase classname="testngPractice.Group1demo" name="signUpByEmail" time="0.009"/>
  <testcase classname="testngPractice.Group1demo" name="signUpByGoogle" time="0.002"/>
  <testcase classname="testngPractice.Group1demo" name="signUpByMicrosoft" time="0.001"/>
</testsuite> <!-- testngPractice.Group1demo -->
