<?xml version="1.0" encoding="UTF-8"?>
<!-- Generated by org.testng.reporters.JUnitReportReporter -->
<testsuite hostname="LAPTOP-I4KUI1K1" failures="0" tests="2" name="testngPractice.AnnotationdemoClassPractice" time="0.015" errors="0" timestamp="2026-02-12T12:01:25 IST" skipped="0">
  <testcase classname="testngPractice.AnnotationdemoClassPractice" name="search" time="0.013"/>
  <testcase classname="testngPractice.AnnotationdemoClassPractice" name="advSearch" time="0.002"/>
</testsuite> <!-- testngPractice.AnnotationdemoClassPractice -->
