<?xml version="1.0" encoding="UTF-8"?>
<!-- Generated by org.testng.reporters.JUnitReportReporter -->
<testsuite hostname="LAPTOP-I4KUI1K1" failures="0" tests="3" name="testngPractice.Group2Demo" time="0.003" errors="0" timestamp="2026-02-12T15:37:00 IST" skipped="0">
  <testcase classname="testngPractice.Group2Demo" name="loginByEmail" time="0.001"/>
  <testcase classname="testngPractice.Group2Demo" name="loginByGoogle" time="0.001"/>
  <testcase classname="testngPractice.Group2Demo" name="loginByMicrosoft" time="0.001"/>
</testsuite> <!-- testngPractice.Group2Demo -->
