<?xml version="1.0" encoding="UTF-8"?>
<!-- Generated by org.testng.reporters.JUnitReportReporter -->
<testsuite hostname="LAPTOP-I4KUI1K1" failures="0" tests="2" name="testngPractice.AnnotationdemoTest2Practice" time="0.004" errors="0" timestamp="2026-02-12T12:46:10 IST" skipped="0">
  <testcase classname="testngPractice.AnnotationdemoTest2Practice" name="advSearch" time="0.002"/>
  <testcase classname="testngPractice.AnnotationdemoTest2Practice" name="advSearch" time="0.002"/>
</testsuite> <!-- testngPractice.AnnotationdemoTest2Practice -->
