<?xml version="1.0" encoding="UTF-8"?>
<!-- Generated by org.testng.reporters.JUnitXMLReporter -->
<testsuite ignored="0" hostname="LAPTOP-I4KUI1K1" failures="0" tests="6" name="sampletest" time="25.585" errors="0" timestamp="2026-02-12T11:30:45 IST">
  <testcase classname="testngPractice.Test1" name="login" time="0.029"/>
  <testcase classname="testngPractice.Test1" name="register" time="0.003"/>
  <testcase classname="testngPractice.LoginTestPractice" name="openWeb" time="17.734"/>
  <testcase classname="testngPractice.LoginTestPractice" name="logoDisplay" time="6.044"/>
  <testcase classname="testngPractice.LoginTestPractice" name="login" time="0.883"/>
  <testcase classname="testngPractice.LoginTestPractice" name="closeWeb" time="0.765"/>
</testsuite> <!-- sampletest -->
