<?xml version="1.0" encoding="UTF-8"?>
<!-- Generated by org.testng.reporters.JUnitXMLReporter -->
<testsuite ignored="0" hostname="LAPTOP-I4KUI1K1" failures="0" tests="4" name="Test" time="44.109" errors="0" timestamp="2026-03-17T13:02:27 IST">
  <testcase classname="testCases.TC001_LoginTestCaseUsingDataDrivenApproach" name="verifyLoginPage" time="4.295"/>
  <testcase classname="testCases.TC001_LoginTestCaseUsingDataDrivenApproach" name="verifyLoginPage" time="4.322"/>
  <testcase classname="testCases.TC001_LoginTestCaseUsingDataDrivenApproach" name="verifyLoginPage" time="14.088"/>
  <testcase classname="testCases.TC001_LoginTestCaseUsingDataDrivenApproach" name="verifyLoginPage" time="4.5"/>
</testsuite> <!-- Test -->
